<?xml version="1.0" encoding="utf-8"?><testsuites><testsuite name="pytest" errors="0" failures="0" skipped="0" tests="2" time="2.192" timestamp="2025-04-22T21:35:38.777080+01:00" hostname="DESKTOP-P7SLVGD"><testcase classname="tests" name="test_model_file_created" time="0.191" /><testcase classname="tests" name="test_model_score" time="0.051" /></testsuite></testsuites>