<?xml version="1.0" encoding="utf-8"?><testsuites><testsuite name="pytest" errors="0" failures="0" skipped="0" tests="2" time="2.414" timestamp="2025-04-22T00:24:08.568649+01:00" hostname="DESKTOP-P7SLVGD"><testcase classname="tests" name="test_model_file_created" time="0.311" /><testcase classname="tests" name="test_model_score" time="0.052" /></testsuite></testsuites>